Determining if the pthread_create exist failed with the following output:
Change Dir: /home/shelly/mount/Hotprog/CGRA/a1/work/CMakeFiles/CMakeTmp

Run Build Command:"/usr/bin/make" "cmTC_7c56b/fast"
/usr/bin/make -f CMakeFiles/cmTC_7c56b.dir/build.make CMakeFiles/cmTC_7c56b.dir/build
make[1]: Entering directory '/Dumprig/TheWorks/ToastMirror/Hotprog/CGRA/a1/work/CMakeFiles/CMakeTmp'
Building C object CMakeFiles/cmTC_7c56b.dir/CheckSymbolExists.c.o
/usr/bin/cc   -w    -o CMakeFiles/cmTC_7c56b.dir/CheckSymbolExists.c.o   -c /home/shelly/mount/Hotprog/CGRA/a1/work/CMakeFiles/CMakeTmp/CheckSymbolExists.c
Linking C executable cmTC_7c56b
/usr/bin/cmake -E cmake_link_script CMakeFiles/cmTC_7c56b.dir/link.txt --verbose=1
/usr/bin/cc  -w     -rdynamic CMakeFiles/cmTC_7c56b.dir/CheckSymbolExists.c.o  -o cmTC_7c56b 
CMakeFiles/cmTC_7c56b.dir/CheckSymbolExists.c.o: In function `main':
CheckSymbolExists.c:(.text+0x1b): undefined reference to `pthread_create'
collect2: error: ld returned 1 exit status
make[1]: *** [CMakeFiles/cmTC_7c56b.dir/build.make:98: cmTC_7c56b] Error 1
make[1]: Leaving directory '/Dumprig/TheWorks/ToastMirror/Hotprog/CGRA/a1/work/CMakeFiles/CMakeTmp'
make: *** [Makefile:126: cmTC_7c56b/fast] Error 2

File /home/shelly/mount/Hotprog/CGRA/a1/work/CMakeFiles/CMakeTmp/CheckSymbolExists.c:
/* */
#include <pthread.h>

int main(int argc, char** argv)
{
  (void)argv;
#ifndef pthread_create
  return ((int*)(&pthread_create))[argc];
#else
  (void)argc;
  return 0;
#endif
}

Determining if the function pthread_create exists in the pthreads failed with the following output:
Change Dir: /home/shelly/mount/Hotprog/CGRA/a1/work/CMakeFiles/CMakeTmp

Run Build Command:"/usr/bin/make" "cmTC_b2a11/fast"
/usr/bin/make -f CMakeFiles/cmTC_b2a11.dir/build.make CMakeFiles/cmTC_b2a11.dir/build
make[1]: Entering directory '/Dumprig/TheWorks/ToastMirror/Hotprog/CGRA/a1/work/CMakeFiles/CMakeTmp'
Building C object CMakeFiles/cmTC_b2a11.dir/CheckFunctionExists.c.o
/usr/bin/cc   -w -DCHECK_FUNCTION_EXISTS=pthread_create   -o CMakeFiles/cmTC_b2a11.dir/CheckFunctionExists.c.o   -c /usr/share/cmake-3.8/Modules/CheckFunctionExists.c
Linking C executable cmTC_b2a11
/usr/bin/cmake -E cmake_link_script CMakeFiles/cmTC_b2a11.dir/link.txt --verbose=1
/usr/bin/cc  -w -DCHECK_FUNCTION_EXISTS=pthread_create    -rdynamic CMakeFiles/cmTC_b2a11.dir/CheckFunctionExists.c.o  -o cmTC_b2a11 -lpthreads 
/usr/bin/ld: cannot find -lpthreads
collect2: error: ld returned 1 exit status
make[1]: *** [CMakeFiles/cmTC_b2a11.dir/build.make:98: cmTC_b2a11] Error 1
make[1]: Leaving directory '/Dumprig/TheWorks/ToastMirror/Hotprog/CGRA/a1/work/CMakeFiles/CMakeTmp'
make: *** [Makefile:126: cmTC_b2a11/fast] Error 2


Determining if the function glXGetProcAddressEXT exists failed with the following output:
Change Dir: /home/shelly/mount/Hotprog/CGRA/a1/work/CMakeFiles/CMakeTmp

Run Build Command:"/usr/bin/make" "cmTC_b6e4e/fast"
/usr/bin/make -f CMakeFiles/cmTC_b6e4e.dir/build.make CMakeFiles/cmTC_b6e4e.dir/build
make[1]: Entering directory '/Dumprig/TheWorks/ToastMirror/Hotprog/CGRA/a1/work/CMakeFiles/CMakeTmp'
Building C object CMakeFiles/cmTC_b6e4e.dir/CheckFunctionExists.c.o
/usr/bin/cc   -w -DCHECK_FUNCTION_EXISTS=glXGetProcAddressEXT   -o CMakeFiles/cmTC_b6e4e.dir/CheckFunctionExists.c.o   -c /usr/share/cmake-3.8/Modules/CheckFunctionExists.c
Linking C executable cmTC_b6e4e
/usr/bin/cmake -E cmake_link_script CMakeFiles/cmTC_b6e4e.dir/link.txt --verbose=1
/usr/bin/cc  -w -DCHECK_FUNCTION_EXISTS=glXGetProcAddressEXT    -rdynamic CMakeFiles/cmTC_b6e4e.dir/CheckFunctionExists.c.o  -o cmTC_b6e4e /usr/lib/libGL.so 
CMakeFiles/cmTC_b6e4e.dir/CheckFunctionExists.c.o: In function `main':
CheckFunctionExists.c:(.text+0x10): undefined reference to `glXGetProcAddressEXT'
collect2: error: ld returned 1 exit status
make[1]: *** [CMakeFiles/cmTC_b6e4e.dir/build.make:99: cmTC_b6e4e] Error 1
make[1]: Leaving directory '/Dumprig/TheWorks/ToastMirror/Hotprog/CGRA/a1/work/CMakeFiles/CMakeTmp'
make: *** [Makefile:126: cmTC_b6e4e/fast] Error 2


Determining if the pthread_create exist failed with the following output:
Change Dir: /home/shelly/mount/Hotprog/CGRA/a2/work/CMakeFiles/CMakeTmp

Run Build Command:"/usr/bin/make" "cmTC_64868/fast"
/usr/bin/make -f CMakeFiles/cmTC_64868.dir/build.make CMakeFiles/cmTC_64868.dir/build
make[1]: Entering directory '/Content/TheWorks/ToastMirror/Hotprog/CGRA/a2/work/CMakeFiles/CMakeTmp'
Building C object CMakeFiles/cmTC_64868.dir/CheckSymbolExists.c.o
/usr/bin/cc   -w    -o CMakeFiles/cmTC_64868.dir/CheckSymbolExists.c.o   -c /home/shelly/mount/Hotprog/CGRA/a2/work/CMakeFiles/CMakeTmp/CheckSymbolExists.c
Linking C executable cmTC_64868
/usr/bin/cmake -E cmake_link_script CMakeFiles/cmTC_64868.dir/link.txt --verbose=1
/usr/bin/cc  -w     -rdynamic CMakeFiles/cmTC_64868.dir/CheckSymbolExists.c.o  -o cmTC_64868 
CMakeFiles/cmTC_64868.dir/CheckSymbolExists.c.o: In function `main':
CheckSymbolExists.c:(.text+0x1b): undefined reference to `pthread_create'
collect2: error: ld returned 1 exit status
make[1]: *** [CMakeFiles/cmTC_64868.dir/build.make:98: cmTC_64868] Error 1
make[1]: Leaving directory '/Content/TheWorks/ToastMirror/Hotprog/CGRA/a2/work/CMakeFiles/CMakeTmp'
make: *** [Makefile:126: cmTC_64868/fast] Error 2

File /home/shelly/mount/Hotprog/CGRA/a2/work/CMakeFiles/CMakeTmp/CheckSymbolExists.c:
/* */
#include <pthread.h>

int main(int argc, char** argv)
{
  (void)argv;
#ifndef pthread_create
  return ((int*)(&pthread_create))[argc];
#else
  (void)argc;
  return 0;
#endif
}

Determining if the function pthread_create exists in the pthreads failed with the following output:
Change Dir: /home/shelly/mount/Hotprog/CGRA/a2/work/CMakeFiles/CMakeTmp

Run Build Command:"/usr/bin/make" "cmTC_ecd21/fast"
/usr/bin/make -f CMakeFiles/cmTC_ecd21.dir/build.make CMakeFiles/cmTC_ecd21.dir/build
make[1]: Entering directory '/Content/TheWorks/ToastMirror/Hotprog/CGRA/a2/work/CMakeFiles/CMakeTmp'
Building C object CMakeFiles/cmTC_ecd21.dir/CheckFunctionExists.c.o
/usr/bin/cc   -w -DCHECK_FUNCTION_EXISTS=pthread_create   -o CMakeFiles/cmTC_ecd21.dir/CheckFunctionExists.c.o   -c /usr/share/cmake-3.8/Modules/CheckFunctionExists.c
Linking C executable cmTC_ecd21
/usr/bin/cmake -E cmake_link_script CMakeFiles/cmTC_ecd21.dir/link.txt --verbose=1
/usr/bin/cc  -w -DCHECK_FUNCTION_EXISTS=pthread_create    -rdynamic CMakeFiles/cmTC_ecd21.dir/CheckFunctionExists.c.o  -o cmTC_ecd21 -lpthreads 
/usr/bin/ld: cannot find -lpthreads
collect2: error: ld returned 1 exit status
make[1]: *** [CMakeFiles/cmTC_ecd21.dir/build.make:98: cmTC_ecd21] Error 1
make[1]: Leaving directory '/Content/TheWorks/ToastMirror/Hotprog/CGRA/a2/work/CMakeFiles/CMakeTmp'
make: *** [Makefile:126: cmTC_ecd21/fast] Error 2


Determining if the function glXGetProcAddressEXT exists failed with the following output:
Change Dir: /home/shelly/mount/Hotprog/CGRA/a2/work/CMakeFiles/CMakeTmp

Run Build Command:"/usr/bin/make" "cmTC_70fc3/fast"
/usr/bin/make -f CMakeFiles/cmTC_70fc3.dir/build.make CMakeFiles/cmTC_70fc3.dir/build
make[1]: Entering directory '/Content/TheWorks/ToastMirror/Hotprog/CGRA/a2/work/CMakeFiles/CMakeTmp'
Building C object CMakeFiles/cmTC_70fc3.dir/CheckFunctionExists.c.o
/usr/bin/cc   -w -DCHECK_FUNCTION_EXISTS=glXGetProcAddressEXT   -o CMakeFiles/cmTC_70fc3.dir/CheckFunctionExists.c.o   -c /usr/share/cmake-3.8/Modules/CheckFunctionExists.c
Linking C executable cmTC_70fc3
/usr/bin/cmake -E cmake_link_script CMakeFiles/cmTC_70fc3.dir/link.txt --verbose=1
/usr/bin/cc  -w -DCHECK_FUNCTION_EXISTS=glXGetProcAddressEXT    -rdynamic CMakeFiles/cmTC_70fc3.dir/CheckFunctionExists.c.o  -o cmTC_70fc3 /usr/lib/libGL.so 
CMakeFiles/cmTC_70fc3.dir/CheckFunctionExists.c.o: In function `main':
CheckFunctionExists.c:(.text+0x10): undefined reference to `glXGetProcAddressEXT'
collect2: error: ld returned 1 exit status
make[1]: *** [CMakeFiles/cmTC_70fc3.dir/build.make:99: cmTC_70fc3] Error 1
make[1]: Leaving directory '/Content/TheWorks/ToastMirror/Hotprog/CGRA/a2/work/CMakeFiles/CMakeTmp'
make: *** [Makefile:126: cmTC_70fc3/fast] Error 2


