Determining if the pthread_create exist failed with the following output:
Change Dir: /home/shelly/mount/Hotprog/CGRA/a1/build/CMakeFiles/CMakeTmp

Run Build Command:"/usr/bin/make" "cmTC_2dfad/fast"
/usr/bin/make -f CMakeFiles/cmTC_2dfad.dir/build.make CMakeFiles/cmTC_2dfad.dir/build
make[1]: Entering directory '/home/shelly/mount/Hotprog/CGRA/a1/build/CMakeFiles/CMakeTmp'
Building C object CMakeFiles/cmTC_2dfad.dir/CheckSymbolExists.c.o
/usr/bin/gcc   -w    -o CMakeFiles/cmTC_2dfad.dir/CheckSymbolExists.c.o   -c /home/shelly/mount/Hotprog/CGRA/a1/build/CMakeFiles/CMakeTmp/CheckSymbolExists.c
Linking C executable cmTC_2dfad
/usr/bin/cmake -E cmake_link_script CMakeFiles/cmTC_2dfad.dir/link.txt --verbose=1
/usr/bin/gcc  -w     -rdynamic CMakeFiles/cmTC_2dfad.dir/CheckSymbolExists.c.o  -o cmTC_2dfad 
CMakeFiles/cmTC_2dfad.dir/CheckSymbolExists.c.o: In function `main':
CheckSymbolExists.c:(.text+0x16): undefined reference to `pthread_create'
collect2: error: ld returned 1 exit status
make[1]: *** [CMakeFiles/cmTC_2dfad.dir/build.make:98: cmTC_2dfad] Error 1
make[1]: Leaving directory '/home/shelly/mount/Hotprog/CGRA/a1/build/CMakeFiles/CMakeTmp'
make: *** [Makefile:126: cmTC_2dfad/fast] Error 2

File /home/shelly/mount/Hotprog/CGRA/a1/build/CMakeFiles/CMakeTmp/CheckSymbolExists.c:
/* */
#include <pthread.h>

int main(int argc, char** argv)
{
  (void)argv;
#ifndef pthread_create
  return ((int*)(&pthread_create))[argc];
#else
  (void)argc;
  return 0;
#endif
}

Determining if the function pthread_create exists in the pthreads failed with the following output:
Change Dir: /home/shelly/mount/Hotprog/CGRA/a1/build/CMakeFiles/CMakeTmp

Run Build Command:"/usr/bin/make" "cmTC_a85c7/fast"
/usr/bin/make -f CMakeFiles/cmTC_a85c7.dir/build.make CMakeFiles/cmTC_a85c7.dir/build
make[1]: Entering directory '/home/shelly/mount/Hotprog/CGRA/a1/build/CMakeFiles/CMakeTmp'
Building C object CMakeFiles/cmTC_a85c7.dir/CheckFunctionExists.c.o
/usr/bin/gcc   -w -DCHECK_FUNCTION_EXISTS=pthread_create   -o CMakeFiles/cmTC_a85c7.dir/CheckFunctionExists.c.o   -c /usr/share/cmake-3.8/Modules/CheckFunctionExists.c
Linking C executable cmTC_a85c7
/usr/bin/cmake -E cmake_link_script CMakeFiles/cmTC_a85c7.dir/link.txt --verbose=1
/usr/bin/gcc  -w -DCHECK_FUNCTION_EXISTS=pthread_create    -rdynamic CMakeFiles/cmTC_a85c7.dir/CheckFunctionExists.c.o  -o cmTC_a85c7 -lpthreads 
/usr/bin/ld: cannot find -lpthreads
collect2: error: ld returned 1 exit status
make[1]: *** [CMakeFiles/cmTC_a85c7.dir/build.make:98: cmTC_a85c7] Error 1
make[1]: Leaving directory '/home/shelly/mount/Hotprog/CGRA/a1/build/CMakeFiles/CMakeTmp'
make: *** [Makefile:126: cmTC_a85c7/fast] Error 2


Determining if the function glXGetProcAddressEXT exists failed with the following output:
Change Dir: /home/shelly/mount/Hotprog/CGRA/a1/build/CMakeFiles/CMakeTmp

Run Build Command:"/usr/bin/make" "cmTC_bfe05/fast"
/usr/bin/make -f CMakeFiles/cmTC_bfe05.dir/build.make CMakeFiles/cmTC_bfe05.dir/build
make[1]: Entering directory '/home/shelly/mount/Hotprog/CGRA/a1/build/CMakeFiles/CMakeTmp'
Building C object CMakeFiles/cmTC_bfe05.dir/CheckFunctionExists.c.o
/usr/bin/gcc   -w -DCHECK_FUNCTION_EXISTS=glXGetProcAddressEXT   -o CMakeFiles/cmTC_bfe05.dir/CheckFunctionExists.c.o   -c /usr/share/cmake-3.8/Modules/CheckFunctionExists.c
Linking C executable cmTC_bfe05
/usr/bin/cmake -E cmake_link_script CMakeFiles/cmTC_bfe05.dir/link.txt --verbose=1
/usr/bin/gcc  -w -DCHECK_FUNCTION_EXISTS=glXGetProcAddressEXT    -rdynamic CMakeFiles/cmTC_bfe05.dir/CheckFunctionExists.c.o  -o cmTC_bfe05 /usr/lib/libGL.so 
CMakeFiles/cmTC_bfe05.dir/CheckFunctionExists.c.o: In function `main':
CheckFunctionExists.c:(.text+0x10): undefined reference to `glXGetProcAddressEXT'
collect2: error: ld returned 1 exit status
make[1]: *** [CMakeFiles/cmTC_bfe05.dir/build.make:99: cmTC_bfe05] Error 1
make[1]: Leaving directory '/home/shelly/mount/Hotprog/CGRA/a1/build/CMakeFiles/CMakeTmp'
make: *** [Makefile:126: cmTC_bfe05/fast] Error 2


