The system is: Linux - 4.9.30-rt20-1-rt - x86_64
Compiling the CXX compiler identification source file "CMakeCXXCompilerId.cpp" succeeded.
Compiler: /usr/bin/g++ 
Build flags: 
Id flags:  

The output was:
0


Compilation of the CXX compiler identification source "CMakeCXXCompilerId.cpp" produced "a.out"

The CXX compiler identification is GNU, found in "/home/shelly/mount/Hotprog/CGRA/a1/build/CMakeFiles/3.8.2/CompilerIdCXX/a.out"

Compiling the C compiler identification source file "CMakeCCompilerId.c" succeeded.
Compiler: /usr/bin/gcc 
Build flags: 
Id flags:  

The output was:
0


Compilation of the C compiler identification source "CMakeCCompilerId.c" produced "a.out"

The C compiler identification is GNU, found in "/home/shelly/mount/Hotprog/CGRA/a1/build/CMakeFiles/3.8.2/CompilerIdC/a.out"

Determining if the CXX compiler works passed with the following output:
Change Dir: /home/shelly/mount/Hotprog/CGRA/a1/build/CMakeFiles/CMakeTmp

Run Build Command:"/usr/bin/make" "cmTC_ae333/fast"
/usr/bin/make -f CMakeFiles/cmTC_ae333.dir/build.make CMakeFiles/cmTC_ae333.dir/build
make[1]: Entering directory '/home/shelly/mount/Hotprog/CGRA/a1/build/CMakeFiles/CMakeTmp'
Building CXX object CMakeFiles/cmTC_ae333.dir/testCXXCompiler.cxx.o
/usr/bin/g++     -o CMakeFiles/cmTC_ae333.dir/testCXXCompiler.cxx.o -c /home/shelly/mount/Hotprog/CGRA/a1/build/CMakeFiles/CMakeTmp/testCXXCompiler.cxx
Linking CXX executable cmTC_ae333
/usr/bin/cmake -E cmake_link_script CMakeFiles/cmTC_ae333.dir/link.txt --verbose=1
/usr/bin/g++       -rdynamic CMakeFiles/cmTC_ae333.dir/testCXXCompiler.cxx.o  -o cmTC_ae333 
make[1]: Leaving directory '/home/shelly/mount/Hotprog/CGRA/a1/build/CMakeFiles/CMakeTmp'


Detecting CXX compiler ABI info compiled with the following output:
Change Dir: /home/shelly/mount/Hotprog/CGRA/a1/build/CMakeFiles/CMakeTmp

Run Build Command:"/usr/bin/make" "cmTC_e6333/fast"
/usr/bin/make -f CMakeFiles/cmTC_e6333.dir/build.make CMakeFiles/cmTC_e6333.dir/build
make[1]: Entering directory '/home/shelly/mount/Hotprog/CGRA/a1/build/CMakeFiles/CMakeTmp'
Building CXX object CMakeFiles/cmTC_e6333.dir/CMakeCXXCompilerABI.cpp.o
/usr/bin/g++     -o CMakeFiles/cmTC_e6333.dir/CMakeCXXCompilerABI.cpp.o -c /usr/share/cmake-3.8/Modules/CMakeCXXCompilerABI.cpp
Linking CXX executable cmTC_e6333
/usr/bin/cmake -E cmake_link_script CMakeFiles/cmTC_e6333.dir/link.txt --verbose=1
/usr/bin/g++      -v -rdynamic CMakeFiles/cmTC_e6333.dir/CMakeCXXCompilerABI.cpp.o  -o cmTC_e6333 
Using built-in specs.
COLLECT_GCC=/usr/bin/g++
COLLECT_LTO_WRAPPER=/usr/lib/gcc/x86_64-pc-linux-gnu/7.1.1/lto-wrapper
Target: x86_64-pc-linux-gnu
Configured with: /build/gcc-multilib/src/gcc/configure --prefix=/usr --libdir=/usr/lib --libexecdir=/usr/lib --mandir=/usr/share/man --infodir=/usr/share/info --with-bugurl=https://bugs.archlinux.org/ --enable-languages=c,c++,ada,fortran,go,lto,objc,obj-c++ --enable-shared --enable-threads=posix --enable-libmpx --with-system-zlib --with-isl --enable-__cxa_atexit --disable-libunwind-exceptions --enable-clocale=gnu --disable-libstdcxx-pch --disable-libssp --enable-gnu-unique-object --enable-linker-build-id --enable-lto --enable-plugin --enable-install-libiberty --with-linker-hash-style=gnu --enable-gnu-indirect-function --enable-multilib --disable-werror --enable-checking=release
Thread model: posix
gcc version 7.1.1 20170528 (GCC) 
COMPILER_PATH=/usr/lib/gcc/x86_64-pc-linux-gnu/7.1.1/:/usr/lib/gcc/x86_64-pc-linux-gnu/7.1.1/:/usr/lib/gcc/x86_64-pc-linux-gnu/:/usr/lib/gcc/x86_64-pc-linux-gnu/7.1.1/:/usr/lib/gcc/x86_64-pc-linux-gnu/
LIBRARY_PATH=/usr/lib/gcc/x86_64-pc-linux-gnu/7.1.1/:/usr/lib/gcc/x86_64-pc-linux-gnu/7.1.1/../../../../lib/:/lib/../lib/:/usr/lib/../lib/:/usr/lib/gcc/x86_64-pc-linux-gnu/7.1.1/../../../:/lib/:/usr/lib/
COLLECT_GCC_OPTIONS='-v' '-rdynamic' '-o' 'cmTC_e6333' '-shared-libgcc' '-mtune=generic' '-march=x86-64'
 /usr/lib/gcc/x86_64-pc-linux-gnu/7.1.1/collect2 -plugin /usr/lib/gcc/x86_64-pc-linux-gnu/7.1.1/liblto_plugin.so -plugin-opt=/usr/lib/gcc/x86_64-pc-linux-gnu/7.1.1/lto-wrapper -plugin-opt=-fresolution=/tmp/ccZyDiGM.res -plugin-opt=-pass-through=-lgcc_s -plugin-opt=-pass-through=-lgcc -plugin-opt=-pass-through=-lc -plugin-opt=-pass-through=-lgcc_s -plugin-opt=-pass-through=-lgcc --build-id --eh-frame-hdr --hash-style=gnu -m elf_x86_64 -export-dynamic -dynamic-linker /lib64/ld-linux-x86-64.so.2 -o cmTC_e6333 /usr/lib/gcc/x86_64-pc-linux-gnu/7.1.1/../../../../lib/crt1.o /usr/lib/gcc/x86_64-pc-linux-gnu/7.1.1/../../../../lib/crti.o /usr/lib/gcc/x86_64-pc-linux-gnu/7.1.1/crtbegin.o -L/usr/lib/gcc/x86_64-pc-linux-gnu/7.1.1 -L/usr/lib/gcc/x86_64-pc-linux-gnu/7.1.1/../../../../lib -L/lib/../lib -L/usr/lib/../lib -L/usr/lib/gcc/x86_64-pc-linux-gnu/7.1.1/../../.. CMakeFiles/cmTC_e6333.dir/CMakeCXXCompilerABI.cpp.o -lstdc++ -lm -lgcc_s -lgcc -lc -lgcc_s -lgcc /usr/lib/gcc/x86_64-pc-linux-gnu/7.1.1/crtend.o /usr/lib/gcc/x86_64-pc-linux-gnu/7.1.1/../../../../lib/crtn.o
COLLECT_GCC_OPTIONS='-v' '-rdynamic' '-o' 'cmTC_e6333' '-shared-libgcc' '-mtune=generic' '-march=x86-64'
make[1]: Leaving directory '/home/shelly/mount/Hotprog/CGRA/a1/build/CMakeFiles/CMakeTmp'


Parsed CXX implicit link information from above output:
  link line regex: [^( *|.*[/\])(ld|([^/\]+-)?ld|collect2)[^/\]*( |$)]
  ignore line: [Change Dir: /home/shelly/mount/Hotprog/CGRA/a1/build/CMakeFiles/CMakeTmp]
  ignore line: []
  ignore line: [Run Build Command:"/usr/bin/make" "cmTC_e6333/fast"]
  ignore line: [/usr/bin/make -f CMakeFiles/cmTC_e6333.dir/build.make CMakeFiles/cmTC_e6333.dir/build]
  ignore line: [make[1]: Entering directory '/home/shelly/mount/Hotprog/CGRA/a1/build/CMakeFiles/CMakeTmp']
  ignore line: [Building CXX object CMakeFiles/cmTC_e6333.dir/CMakeCXXCompilerABI.cpp.o]
  ignore line: [/usr/bin/g++     -o CMakeFiles/cmTC_e6333.dir/CMakeCXXCompilerABI.cpp.o -c /usr/share/cmake-3.8/Modules/CMakeCXXCompilerABI.cpp]
  ignore line: [Linking CXX executable cmTC_e6333]
  ignore line: [/usr/bin/cmake -E cmake_link_script CMakeFiles/cmTC_e6333.dir/link.txt --verbose=1]
  ignore line: [/usr/bin/g++      -v -rdynamic CMakeFiles/cmTC_e6333.dir/CMakeCXXCompilerABI.cpp.o  -o cmTC_e6333 ]
  ignore line: [Using built-in specs.]
  ignore line: [COLLECT_GCC=/usr/bin/g++]
  ignore line: [COLLECT_LTO_WRAPPER=/usr/lib/gcc/x86_64-pc-linux-gnu/7.1.1/lto-wrapper]
  ignore line: [Target: x86_64-pc-linux-gnu]
  ignore line: [Configured with: /build/gcc-multilib/src/gcc/configure --prefix=/usr --libdir=/usr/lib --libexecdir=/usr/lib --mandir=/usr/share/man --infodir=/usr/share/info --with-bugurl=https://bugs.archlinux.org/ --enable-languages=c,c++,ada,fortran,go,lto,objc,obj-c++ --enable-shared --enable-threads=posix --enable-libmpx --with-system-zlib --with-isl --enable-__cxa_atexit --disable-libunwind-exceptions --enable-clocale=gnu --disable-libstdcxx-pch --disable-libssp --enable-gnu-unique-object --enable-linker-build-id --enable-lto --enable-plugin --enable-install-libiberty --with-linker-hash-style=gnu --enable-gnu-indirect-function --enable-multilib --disable-werror --enable-checking=release]
  ignore line: [Thread model: posix]
  ignore line: [gcc version 7.1.1 20170528 (GCC) ]
  ignore line: [COMPILER_PATH=/usr/lib/gcc/x86_64-pc-linux-gnu/7.1.1/:/usr/lib/gcc/x86_64-pc-linux-gnu/7.1.1/:/usr/lib/gcc/x86_64-pc-linux-gnu/:/usr/lib/gcc/x86_64-pc-linux-gnu/7.1.1/:/usr/lib/gcc/x86_64-pc-linux-gnu/]
  ignore line: [LIBRARY_PATH=/usr/lib/gcc/x86_64-pc-linux-gnu/7.1.1/:/usr/lib/gcc/x86_64-pc-linux-gnu/7.1.1/../../../../lib/:/lib/../lib/:/usr/lib/../lib/:/usr/lib/gcc/x86_64-pc-linux-gnu/7.1.1/../../../:/lib/:/usr/lib/]
  ignore line: [COLLECT_GCC_OPTIONS='-v' '-rdynamic' '-o' 'cmTC_e6333' '-shared-libgcc' '-mtune=generic' '-march=x86-64']
  link line: [ /usr/lib/gcc/x86_64-pc-linux-gnu/7.1.1/collect2 -plugin /usr/lib/gcc/x86_64-pc-linux-gnu/7.1.1/liblto_plugin.so -plugin-opt=/usr/lib/gcc/x86_64-pc-linux-gnu/7.1.1/lto-wrapper -plugin-opt=-fresolution=/tmp/ccZyDiGM.res -plugin-opt=-pass-through=-lgcc_s -plugin-opt=-pass-through=-lgcc -plugin-opt=-pass-through=-lc -plugin-opt=-pass-through=-lgcc_s -plugin-opt=-pass-through=-lgcc --build-id --eh-frame-hdr --hash-style=gnu -m elf_x86_64 -export-dynamic -dynamic-linker /lib64/ld-linux-x86-64.so.2 -o cmTC_e6333 /usr/lib/gcc/x86_64-pc-linux-gnu/7.1.1/../../../../lib/crt1.o /usr/lib/gcc/x86_64-pc-linux-gnu/7.1.1/../../../../lib/crti.o /usr/lib/gcc/x86_64-pc-linux-gnu/7.1.1/crtbegin.o -L/usr/lib/gcc/x86_64-pc-linux-gnu/7.1.1 -L/usr/lib/gcc/x86_64-pc-linux-gnu/7.1.1/../../../../lib -L/lib/../lib -L/usr/lib/../lib -L/usr/lib/gcc/x86_64-pc-linux-gnu/7.1.1/../../.. CMakeFiles/cmTC_e6333.dir/CMakeCXXCompilerABI.cpp.o -lstdc++ -lm -lgcc_s -lgcc -lc -lgcc_s -lgcc /usr/lib/gcc/x86_64-pc-linux-gnu/7.1.1/crtend.o /usr/lib/gcc/x86_64-pc-linux-gnu/7.1.1/../../../../lib/crtn.o]
    arg [/usr/lib/gcc/x86_64-pc-linux-gnu/7.1.1/collect2] ==> ignore
    arg [-plugin] ==> ignore
    arg [/usr/lib/gcc/x86_64-pc-linux-gnu/7.1.1/liblto_plugin.so] ==> ignore
    arg [-plugin-opt=/usr/lib/gcc/x86_64-pc-linux-gnu/7.1.1/lto-wrapper] ==> ignore
    arg [-plugin-opt=-fresolution=/tmp/ccZyDiGM.res] ==> ignore
    arg [-plugin-opt=-pass-through=-lgcc_s] ==> ignore
    arg [-plugin-opt=-pass-through=-lgcc] ==> ignore
    arg [-plugin-opt=-pass-through=-lc] ==> ignore
    arg [-plugin-opt=-pass-through=-lgcc_s] ==> ignore
    arg [-plugin-opt=-pass-through=-lgcc] ==> ignore
    arg [--build-id] ==> ignore
    arg [--eh-frame-hdr] ==> ignore
    arg [--hash-style=gnu] ==> ignore
    arg [-m] ==> ignore
    arg [elf_x86_64] ==> ignore
    arg [-export-dynamic] ==> ignore
    arg [-dynamic-linker] ==> ignore
    arg [/lib64/ld-linux-x86-64.so.2] ==> ignore
    arg [-o] ==> ignore
    arg [cmTC_e6333] ==> ignore
    arg [/usr/lib/gcc/x86_64-pc-linux-gnu/7.1.1/../../../../lib/crt1.o] ==> ignore
    arg [/usr/lib/gcc/x86_64-pc-linux-gnu/7.1.1/../../../../lib/crti.o] ==> ignore
    arg [/usr/lib/gcc/x86_64-pc-linux-gnu/7.1.1/crtbegin.o] ==> ignore
    arg [-L/usr/lib/gcc/x86_64-pc-linux-gnu/7.1.1] ==> dir [/usr/lib/gcc/x86_64-pc-linux-gnu/7.1.1]
    arg [-L/usr/lib/gcc/x86_64-pc-linux-gnu/7.1.1/../../../../lib] ==> dir [/usr/lib/gcc/x86_64-pc-linux-gnu/7.1.1/../../../../lib]
    arg [-L/lib/../lib] ==> dir [/lib/../lib]
    arg [-L/usr/lib/../lib] ==> dir [/usr/lib/../lib]
    arg [-L/usr/lib/gcc/x86_64-pc-linux-gnu/7.1.1/../../..] ==> dir [/usr/lib/gcc/x86_64-pc-linux-gnu/7.1.1/../../..]
    arg [CMakeFiles/cmTC_e6333.dir/CMakeCXXCompilerABI.cpp.o] ==> ignore
    arg [-lstdc++] ==> lib [stdc++]
    arg [-lm] ==> lib [m]
    arg [-lgcc_s] ==> lib [gcc_s]
    arg [-lgcc] ==> lib [gcc]
    arg [-lc] ==> lib [c]
    arg [-lgcc_s] ==> lib [gcc_s]
    arg [-lgcc] ==> lib [gcc]
    arg [/usr/lib/gcc/x86_64-pc-linux-gnu/7.1.1/crtend.o] ==> ignore
    arg [/usr/lib/gcc/x86_64-pc-linux-gnu/7.1.1/../../../../lib/crtn.o] ==> ignore
  remove lib [gcc_s]
  remove lib [gcc]
  remove lib [gcc_s]
  remove lib [gcc]
  collapse library dir [/usr/lib/gcc/x86_64-pc-linux-gnu/7.1.1] ==> [/usr/lib/gcc/x86_64-pc-linux-gnu/7.1.1]
  collapse library dir [/usr/lib/gcc/x86_64-pc-linux-gnu/7.1.1/../../../../lib] ==> [/usr/lib]
  collapse library dir [/lib/../lib] ==> [/lib]
  collapse library dir [/usr/lib/../lib] ==> [/usr/lib]
  collapse library dir [/usr/lib/gcc/x86_64-pc-linux-gnu/7.1.1/../../..] ==> [/usr/lib]
  implicit libs: [stdc++;m;c]
  implicit dirs: [/usr/lib/gcc/x86_64-pc-linux-gnu/7.1.1;/usr/lib;/lib]
  implicit fwks: []




Detecting CXX [-std=c++1z] compiler features compiled with the following output:
Change Dir: /home/shelly/mount/Hotprog/CGRA/a1/build/CMakeFiles/CMakeTmp

Run Build Command:"/usr/bin/make" "cmTC_de96d/fast"
/usr/bin/make -f CMakeFiles/cmTC_de96d.dir/build.make CMakeFiles/cmTC_de96d.dir/build
make[1]: Entering directory '/home/shelly/mount/Hotprog/CGRA/a1/build/CMakeFiles/CMakeTmp'
Building CXX object CMakeFiles/cmTC_de96d.dir/feature_tests.cxx.o
/usr/bin/g++    -std=c++1z -o CMakeFiles/cmTC_de96d.dir/feature_tests.cxx.o -c /home/shelly/mount/Hotprog/CGRA/a1/build/CMakeFiles/feature_tests.cxx
Linking CXX executable cmTC_de96d
/usr/bin/cmake -E cmake_link_script CMakeFiles/cmTC_de96d.dir/link.txt --verbose=1
/usr/bin/g++       -rdynamic CMakeFiles/cmTC_de96d.dir/feature_tests.cxx.o  -o cmTC_de96d 
make[1]: Leaving directory '/home/shelly/mount/Hotprog/CGRA/a1/build/CMakeFiles/CMakeTmp'


    Feature record: CXX_FEATURE:1cxx_aggregate_default_initializers
    Feature record: CXX_FEATURE:1cxx_alias_templates
    Feature record: CXX_FEATURE:1cxx_alignas
    Feature record: CXX_FEATURE:1cxx_alignof
    Feature record: CXX_FEATURE:1cxx_attributes
    Feature record: CXX_FEATURE:1cxx_attribute_deprecated
    Feature record: CXX_FEATURE:1cxx_auto_type
    Feature record: CXX_FEATURE:1cxx_binary_literals
    Feature record: CXX_FEATURE:1cxx_constexpr
    Feature record: CXX_FEATURE:1cxx_contextual_conversions
    Feature record: CXX_FEATURE:1cxx_decltype
    Feature record: CXX_FEATURE:1cxx_decltype_auto
    Feature record: CXX_FEATURE:1cxx_decltype_incomplete_return_types
    Feature record: CXX_FEATURE:1cxx_default_function_template_args
    Feature record: CXX_FEATURE:1cxx_defaulted_functions
    Feature record: CXX_FEATURE:1cxx_defaulted_move_initializers
    Feature record: CXX_FEATURE:1cxx_delegating_constructors
    Feature record: CXX_FEATURE:1cxx_deleted_functions
    Feature record: CXX_FEATURE:1cxx_digit_separators
    Feature record: CXX_FEATURE:1cxx_enum_forward_declarations
    Feature record: CXX_FEATURE:1cxx_explicit_conversions
    Feature record: CXX_FEATURE:1cxx_extended_friend_declarations
    Feature record: CXX_FEATURE:1cxx_extern_templates
    Feature record: CXX_FEATURE:1cxx_final
    Feature record: CXX_FEATURE:1cxx_func_identifier
    Feature record: CXX_FEATURE:1cxx_generalized_initializers
    Feature record: CXX_FEATURE:1cxx_generic_lambdas
    Feature record: CXX_FEATURE:1cxx_inheriting_constructors
    Feature record: CXX_FEATURE:1cxx_inline_namespaces
    Feature record: CXX_FEATURE:1cxx_lambdas
    Feature record: CXX_FEATURE:1cxx_lambda_init_captures
    Feature record: CXX_FEATURE:1cxx_local_type_template_args
    Feature record: CXX_FEATURE:1cxx_long_long_type
    Feature record: CXX_FEATURE:1cxx_noexcept
    Feature record: CXX_FEATURE:1cxx_nonstatic_member_init
    Feature record: CXX_FEATURE:1cxx_nullptr
    Feature record: CXX_FEATURE:1cxx_override
    Feature record: CXX_FEATURE:1cxx_range_for
    Feature record: CXX_FEATURE:1cxx_raw_string_literals
    Feature record: CXX_FEATURE:1cxx_reference_qualified_functions
    Feature record: CXX_FEATURE:1cxx_relaxed_constexpr
    Feature record: CXX_FEATURE:1cxx_return_type_deduction
    Feature record: CXX_FEATURE:1cxx_right_angle_brackets
    Feature record: CXX_FEATURE:1cxx_rvalue_references
    Feature record: CXX_FEATURE:1cxx_sizeof_member
    Feature record: CXX_FEATURE:1cxx_static_assert
    Feature record: CXX_FEATURE:1cxx_strong_enums
    Feature record: CXX_FEATURE:1cxx_template_template_parameters
    Feature record: CXX_FEATURE:1cxx_thread_local
    Feature record: CXX_FEATURE:1cxx_trailing_return_types
    Feature record: CXX_FEATURE:1cxx_unicode_literals
    Feature record: CXX_FEATURE:1cxx_uniform_initialization
    Feature record: CXX_FEATURE:1cxx_unrestricted_unions
    Feature record: CXX_FEATURE:1cxx_user_literals
    Feature record: CXX_FEATURE:1cxx_variable_templates
    Feature record: CXX_FEATURE:1cxx_variadic_macros
    Feature record: CXX_FEATURE:1cxx_variadic_templates


Detecting CXX [-std=c++14] compiler features compiled with the following output:
Change Dir: /home/shelly/mount/Hotprog/CGRA/a1/build/CMakeFiles/CMakeTmp

Run Build Command:"/usr/bin/make" "cmTC_25a95/fast"
/usr/bin/make -f CMakeFiles/cmTC_25a95.dir/build.make CMakeFiles/cmTC_25a95.dir/build
make[1]: Entering directory '/home/shelly/mount/Hotprog/CGRA/a1/build/CMakeFiles/CMakeTmp'
Building CXX object CMakeFiles/cmTC_25a95.dir/feature_tests.cxx.o
/usr/bin/g++    -std=c++14 -o CMakeFiles/cmTC_25a95.dir/feature_tests.cxx.o -c /home/shelly/mount/Hotprog/CGRA/a1/build/CMakeFiles/feature_tests.cxx
Linking CXX executable cmTC_25a95
/usr/bin/cmake -E cmake_link_script CMakeFiles/cmTC_25a95.dir/link.txt --verbose=1
/usr/bin/g++       -rdynamic CMakeFiles/cmTC_25a95.dir/feature_tests.cxx.o  -o cmTC_25a95 
make[1]: Leaving directory '/home/shelly/mount/Hotprog/CGRA/a1/build/CMakeFiles/CMakeTmp'


    Feature record: CXX_FEATURE:1cxx_aggregate_default_initializers
    Feature record: CXX_FEATURE:1cxx_alias_templates
    Feature record: CXX_FEATURE:1cxx_alignas
    Feature record: CXX_FEATURE:1cxx_alignof
    Feature record: CXX_FEATURE:1cxx_attributes
    Feature record: CXX_FEATURE:1cxx_attribute_deprecated
    Feature record: CXX_FEATURE:1cxx_auto_type
    Feature record: CXX_FEATURE:1cxx_binary_literals
    Feature record: CXX_FEATURE:1cxx_constexpr
    Feature record: CXX_FEATURE:1cxx_contextual_conversions
    Feature record: CXX_FEATURE:1cxx_decltype
    Feature record: CXX_FEATURE:1cxx_decltype_auto
    Feature record: CXX_FEATURE:1cxx_decltype_incomplete_return_types
    Feature record: CXX_FEATURE:1cxx_default_function_template_args
    Feature record: CXX_FEATURE:1cxx_defaulted_functions
    Feature record: CXX_FEATURE:1cxx_defaulted_move_initializers
    Feature record: CXX_FEATURE:1cxx_delegating_constructors
    Feature record: CXX_FEATURE:1cxx_deleted_functions
    Feature record: CXX_FEATURE:1cxx_digit_separators
    Feature record: CXX_FEATURE:1cxx_enum_forward_declarations
    Feature record: CXX_FEATURE:1cxx_explicit_conversions
    Feature record: CXX_FEATURE:1cxx_extended_friend_declarations
    Feature record: CXX_FEATURE:1cxx_extern_templates
    Feature record: CXX_FEATURE:1cxx_final
    Feature record: CXX_FEATURE:1cxx_func_identifier
    Feature record: CXX_FEATURE:1cxx_generalized_initializers
    Feature record: CXX_FEATURE:1cxx_generic_lambdas
    Feature record: CXX_FEATURE:1cxx_inheriting_constructors
    Feature record: CXX_FEATURE:1cxx_inline_namespaces
    Feature record: CXX_FEATURE:1cxx_lambdas
    Feature record: CXX_FEATURE:1cxx_lambda_init_captures
    Feature record: CXX_FEATURE:1cxx_local_type_template_args
    Feature record: CXX_FEATURE:1cxx_long_long_type
    Feature record: CXX_FEATURE:1cxx_noexcept
    Feature record: CXX_FEATURE:1cxx_nonstatic_member_init
    Feature record: CXX_FEATURE:1cxx_nullptr
    Feature record: CXX_FEATURE:1cxx_override
    Feature record: CXX_FEATURE:1cxx_range_for
    Feature record: CXX_FEATURE:1cxx_raw_string_literals
    Feature record: CXX_FEATURE:1cxx_reference_qualified_functions
    Feature record: CXX_FEATURE:1cxx_relaxed_constexpr
    Feature record: CXX_FEATURE:1cxx_return_type_deduction
    Feature record: CXX_FEATURE:1cxx_right_angle_brackets
    Feature record: CXX_FEATURE:1cxx_rvalue_references
    Feature record: CXX_FEATURE:1cxx_sizeof_member
    Feature record: CXX_FEATURE:1cxx_static_assert
    Feature record: CXX_FEATURE:1cxx_strong_enums
    Feature record: CXX_FEATURE:1cxx_template_template_parameters
    Feature record: CXX_FEATURE:1cxx_thread_local
    Feature record: CXX_FEATURE:1cxx_trailing_return_types
    Feature record: CXX_FEATURE:1cxx_unicode_literals
    Feature record: CXX_FEATURE:1cxx_uniform_initialization
    Feature record: CXX_FEATURE:1cxx_unrestricted_unions
    Feature record: CXX_FEATURE:1cxx_user_literals
    Feature record: CXX_FEATURE:1cxx_variable_templates
    Feature record: CXX_FEATURE:1cxx_variadic_macros
    Feature record: CXX_FEATURE:1cxx_variadic_templates


Detecting CXX [-std=c++11] compiler features compiled with the following output:
Change Dir: /home/shelly/mount/Hotprog/CGRA/a1/build/CMakeFiles/CMakeTmp

Run Build Command:"/usr/bin/make" "cmTC_ef84f/fast"
/usr/bin/make -f CMakeFiles/cmTC_ef84f.dir/build.make CMakeFiles/cmTC_ef84f.dir/build
make[1]: Entering directory '/home/shelly/mount/Hotprog/CGRA/a1/build/CMakeFiles/CMakeTmp'
Building CXX object CMakeFiles/cmTC_ef84f.dir/feature_tests.cxx.o
/usr/bin/g++    -std=c++11 -o CMakeFiles/cmTC_ef84f.dir/feature_tests.cxx.o -c /home/shelly/mount/Hotprog/CGRA/a1/build/CMakeFiles/feature_tests.cxx
Linking CXX executable cmTC_ef84f
/usr/bin/cmake -E cmake_link_script CMakeFiles/cmTC_ef84f.dir/link.txt --verbose=1
/usr/bin/g++       -rdynamic CMakeFiles/cmTC_ef84f.dir/feature_tests.cxx.o  -o cmTC_ef84f 
make[1]: Leaving directory '/home/shelly/mount/Hotprog/CGRA/a1/build/CMakeFiles/CMakeTmp'


    Feature record: CXX_FEATURE:0cxx_aggregate_default_initializers
    Feature record: CXX_FEATURE:1cxx_alias_templates
    Feature record: CXX_FEATURE:1cxx_alignas
    Feature record: CXX_FEATURE:1cxx_alignof
    Feature record: CXX_FEATURE:1cxx_attributes
    Feature record: CXX_FEATURE:0cxx_attribute_deprecated
    Feature record: CXX_FEATURE:1cxx_auto_type
    Feature record: CXX_FEATURE:0cxx_binary_literals
    Feature record: CXX_FEATURE:1cxx_constexpr
    Feature record: CXX_FEATURE:0cxx_contextual_conversions
    Feature record: CXX_FEATURE:1cxx_decltype
    Feature record: CXX_FEATURE:0cxx_decltype_auto
    Feature record: CXX_FEATURE:1cxx_decltype_incomplete_return_types
    Feature record: CXX_FEATURE:1cxx_default_function_template_args
    Feature record: CXX_FEATURE:1cxx_defaulted_functions
    Feature record: CXX_FEATURE:1cxx_defaulted_move_initializers
    Feature record: CXX_FEATURE:1cxx_delegating_constructors
    Feature record: CXX_FEATURE:1cxx_deleted_functions
    Feature record: CXX_FEATURE:0cxx_digit_separators
    Feature record: CXX_FEATURE:1cxx_enum_forward_declarations
    Feature record: CXX_FEATURE:1cxx_explicit_conversions
    Feature record: CXX_FEATURE:1cxx_extended_friend_declarations
    Feature record: CXX_FEATURE:1cxx_extern_templates
    Feature record: CXX_FEATURE:1cxx_final
    Feature record: CXX_FEATURE:1cxx_func_identifier
    Feature record: CXX_FEATURE:1cxx_generalized_initializers
    Feature record: CXX_FEATURE:0cxx_generic_lambdas
    Feature record: CXX_FEATURE:1cxx_inheriting_constructors
    Feature record: CXX_FEATURE:1cxx_inline_namespaces
    Feature record: CXX_FEATURE:1cxx_lambdas
    Feature record: CXX_FEATURE:0cxx_lambda_init_captures
    Feature record: CXX_FEATURE:1cxx_local_type_template_args
    Feature record: CXX_FEATURE:1cxx_long_long_type
    Feature record: CXX_FEATURE:1cxx_noexcept
    Feature record: CXX_FEATURE:1cxx_nonstatic_member_init
    Feature record: CXX_FEATURE:1cxx_nullptr
    Feature record: CXX_FEATURE:1cxx_override
    Feature record: CXX_FEATURE:1cxx_range_for
    Feature record: CXX_FEATURE:1cxx_raw_string_literals
    Feature record: CXX_FEATURE:1cxx_reference_qualified_functions
    Feature record: CXX_FEATURE:0cxx_relaxed_constexpr
    Feature record: CXX_FEATURE:0cxx_return_type_deduction
    Feature record: CXX_FEATURE:1cxx_right_angle_brackets
    Feature record: CXX_FEATURE:1cxx_rvalue_references
    Feature record: CXX_FEATURE:1cxx_sizeof_member
    Feature record: CXX_FEATURE:1cxx_static_assert
    Feature record: CXX_FEATURE:1cxx_strong_enums
    Feature record: CXX_FEATURE:1cxx_template_template_parameters
    Feature record: CXX_FEATURE:1cxx_thread_local
    Feature record: CXX_FEATURE:1cxx_trailing_return_types
    Feature record: CXX_FEATURE:1cxx_unicode_literals
    Feature record: CXX_FEATURE:1cxx_uniform_initialization
    Feature record: CXX_FEATURE:1cxx_unrestricted_unions
    Feature record: CXX_FEATURE:1cxx_user_literals
    Feature record: CXX_FEATURE:0cxx_variable_templates
    Feature record: CXX_FEATURE:1cxx_variadic_macros
    Feature record: CXX_FEATURE:1cxx_variadic_templates


Detecting CXX [-std=c++98] compiler features compiled with the following output:
Change Dir: /home/shelly/mount/Hotprog/CGRA/a1/build/CMakeFiles/CMakeTmp

Run Build Command:"/usr/bin/make" "cmTC_7681b/fast"
/usr/bin/make -f CMakeFiles/cmTC_7681b.dir/build.make CMakeFiles/cmTC_7681b.dir/build
make[1]: Entering directory '/home/shelly/mount/Hotprog/CGRA/a1/build/CMakeFiles/CMakeTmp'
Building CXX object CMakeFiles/cmTC_7681b.dir/feature_tests.cxx.o
/usr/bin/g++    -std=c++98 -o CMakeFiles/cmTC_7681b.dir/feature_tests.cxx.o -c /home/shelly/mount/Hotprog/CGRA/a1/build/CMakeFiles/feature_tests.cxx
Linking CXX executable cmTC_7681b
/usr/bin/cmake -E cmake_link_script CMakeFiles/cmTC_7681b.dir/link.txt --verbose=1
/usr/bin/g++       -rdynamic CMakeFiles/cmTC_7681b.dir/feature_tests.cxx.o  -o cmTC_7681b 
make[1]: Leaving directory '/home/shelly/mount/Hotprog/CGRA/a1/build/CMakeFiles/CMakeTmp'


    Feature record: CXX_FEATURE:0cxx_aggregate_default_initializers
    Feature record: CXX_FEATURE:0cxx_alias_templates
    Feature record: CXX_FEATURE:0cxx_alignas
    Feature record: CXX_FEATURE:0cxx_alignof
    Feature record: CXX_FEATURE:0cxx_attributes
    Feature record: CXX_FEATURE:0cxx_attribute_deprecated
    Feature record: CXX_FEATURE:0cxx_auto_type
    Feature record: CXX_FEATURE:0cxx_binary_literals
    Feature record: CXX_FEATURE:0cxx_constexpr
    Feature record: CXX_FEATURE:0cxx_contextual_conversions
    Feature record: CXX_FEATURE:0cxx_decltype
    Feature record: CXX_FEATURE:0cxx_decltype_auto
    Feature record: CXX_FEATURE:0cxx_decltype_incomplete_return_types
    Feature record: CXX_FEATURE:0cxx_default_function_template_args
    Feature record: CXX_FEATURE:0cxx_defaulted_functions
    Feature record: CXX_FEATURE:0cxx_defaulted_move_initializers
    Feature record: CXX_FEATURE:0cxx_delegating_constructors
    Feature record: CXX_FEATURE:0cxx_deleted_functions
    Feature record: CXX_FEATURE:0cxx_digit_separators
    Feature record: CXX_FEATURE:0cxx_enum_forward_declarations
    Feature record: CXX_FEATURE:0cxx_explicit_conversions
    Feature record: CXX_FEATURE:0cxx_extended_friend_declarations
    Feature record: CXX_FEATURE:0cxx_extern_templates
    Feature record: CXX_FEATURE:0cxx_final
    Feature record: CXX_FEATURE:0cxx_func_identifier
    Feature record: CXX_FEATURE:0cxx_generalized_initializers
    Feature record: CXX_FEATURE:0cxx_generic_lambdas
    Feature record: CXX_FEATURE:0cxx_inheriting_constructors
    Feature record: CXX_FEATURE:0cxx_inline_namespaces
    Feature record: CXX_FEATURE:0cxx_lambdas
    Feature record: CXX_FEATURE:0cxx_lambda_init_captures
    Feature record: CXX_FEATURE:0cxx_local_type_template_args
    Feature record: CXX_FEATURE:0cxx_long_long_type
    Feature record: CXX_FEATURE:0cxx_noexcept
    Feature record: CXX_FEATURE:0cxx_nonstatic_member_init
    Feature record: CXX_FEATURE:0cxx_nullptr
    Feature record: CXX_FEATURE:0cxx_override
    Feature record: CXX_FEATURE:0cxx_range_for
    Feature record: CXX_FEATURE:0cxx_raw_string_literals
    Feature record: CXX_FEATURE:0cxx_reference_qualified_functions
    Feature record: CXX_FEATURE:0cxx_relaxed_constexpr
    Feature record: CXX_FEATURE:0cxx_return_type_deduction
    Feature record: CXX_FEATURE:0cxx_right_angle_brackets
    Feature record: CXX_FEATURE:0cxx_rvalue_references
    Feature record: CXX_FEATURE:0cxx_sizeof_member
    Feature record: CXX_FEATURE:0cxx_static_assert
    Feature record: CXX_FEATURE:0cxx_strong_enums
    Feature record: CXX_FEATURE:1cxx_template_template_parameters
    Feature record: CXX_FEATURE:0cxx_thread_local
    Feature record: CXX_FEATURE:0cxx_trailing_return_types
    Feature record: CXX_FEATURE:0cxx_unicode_literals
    Feature record: CXX_FEATURE:0cxx_uniform_initialization
    Feature record: CXX_FEATURE:0cxx_unrestricted_unions
    Feature record: CXX_FEATURE:0cxx_user_literals
    Feature record: CXX_FEATURE:0cxx_variable_templates
    Feature record: CXX_FEATURE:0cxx_variadic_macros
    Feature record: CXX_FEATURE:0cxx_variadic_templates
Determining if the C compiler works passed with the following output:
Change Dir: /home/shelly/mount/Hotprog/CGRA/a1/build/CMakeFiles/CMakeTmp

Run Build Command:"/usr/bin/make" "cmTC_68ade/fast"
/usr/bin/make -f CMakeFiles/cmTC_68ade.dir/build.make CMakeFiles/cmTC_68ade.dir/build
make[1]: Entering directory '/home/shelly/mount/Hotprog/CGRA/a1/build/CMakeFiles/CMakeTmp'
Building C object CMakeFiles/cmTC_68ade.dir/testCCompiler.c.o
/usr/bin/gcc    -o CMakeFiles/cmTC_68ade.dir/testCCompiler.c.o   -c /home/shelly/mount/Hotprog/CGRA/a1/build/CMakeFiles/CMakeTmp/testCCompiler.c
Linking C executable cmTC_68ade
/usr/bin/cmake -E cmake_link_script CMakeFiles/cmTC_68ade.dir/link.txt --verbose=1
/usr/bin/gcc      -rdynamic CMakeFiles/cmTC_68ade.dir/testCCompiler.c.o  -o cmTC_68ade 
make[1]: Leaving directory '/home/shelly/mount/Hotprog/CGRA/a1/build/CMakeFiles/CMakeTmp'


Detecting C compiler ABI info compiled with the following output:
Change Dir: /home/shelly/mount/Hotprog/CGRA/a1/build/CMakeFiles/CMakeTmp

Run Build Command:"/usr/bin/make" "cmTC_3a213/fast"
/usr/bin/make -f CMakeFiles/cmTC_3a213.dir/build.make CMakeFiles/cmTC_3a213.dir/build
make[1]: Entering directory '/home/shelly/mount/Hotprog/CGRA/a1/build/CMakeFiles/CMakeTmp'
Building C object CMakeFiles/cmTC_3a213.dir/CMakeCCompilerABI.c.o
/usr/bin/gcc    -o CMakeFiles/cmTC_3a213.dir/CMakeCCompilerABI.c.o   -c /usr/share/cmake-3.8/Modules/CMakeCCompilerABI.c
Linking C executable cmTC_3a213
/usr/bin/cmake -E cmake_link_script CMakeFiles/cmTC_3a213.dir/link.txt --verbose=1
/usr/bin/gcc     -v -rdynamic CMakeFiles/cmTC_3a213.dir/CMakeCCompilerABI.c.o  -o cmTC_3a213 
Using built-in specs.
COLLECT_GCC=/usr/bin/gcc
COLLECT_LTO_WRAPPER=/usr/lib/gcc/x86_64-pc-linux-gnu/7.1.1/lto-wrapper
Target: x86_64-pc-linux-gnu
Configured with: /build/gcc-multilib/src/gcc/configure --prefix=/usr --libdir=/usr/lib --libexecdir=/usr/lib --mandir=/usr/share/man --infodir=/usr/share/info --with-bugurl=https://bugs.archlinux.org/ --enable-languages=c,c++,ada,fortran,go,lto,objc,obj-c++ --enable-shared --enable-threads=posix --enable-libmpx --with-system-zlib --with-isl --enable-__cxa_atexit --disable-libunwind-exceptions --enable-clocale=gnu --disable-libstdcxx-pch --disable-libssp --enable-gnu-unique-object --enable-linker-build-id --enable-lto --enable-plugin --enable-install-libiberty --with-linker-hash-style=gnu --enable-gnu-indirect-function --enable-multilib --disable-werror --enable-checking=release
Thread model: posix
gcc version 7.1.1 20170528 (GCC) 
COMPILER_PATH=/usr/lib/gcc/x86_64-pc-linux-gnu/7.1.1/:/usr/lib/gcc/x86_64-pc-linux-gnu/7.1.1/:/usr/lib/gcc/x86_64-pc-linux-gnu/:/usr/lib/gcc/x86_64-pc-linux-gnu/7.1.1/:/usr/lib/gcc/x86_64-pc-linux-gnu/
LIBRARY_PATH=/usr/lib/gcc/x86_64-pc-linux-gnu/7.1.1/:/usr/lib/gcc/x86_64-pc-linux-gnu/7.1.1/../../../../lib/:/lib/../lib/:/usr/lib/../lib/:/usr/lib/gcc/x86_64-pc-linux-gnu/7.1.1/../../../:/lib/:/usr/lib/
COLLECT_GCC_OPTIONS='-v' '-rdynamic' '-o' 'cmTC_3a213' '-mtune=generic' '-march=x86-64'
 /usr/lib/gcc/x86_64-pc-linux-gnu/7.1.1/collect2 -plugin /usr/lib/gcc/x86_64-pc-linux-gnu/7.1.1/liblto_plugin.so -plugin-opt=/usr/lib/gcc/x86_64-pc-linux-gnu/7.1.1/lto-wrapper -plugin-opt=-fresolution=/tmp/cchjg7ss.res -plugin-opt=-pass-through=-lgcc -plugin-opt=-pass-through=-lgcc_s -plugin-opt=-pass-through=-lc -plugin-opt=-pass-through=-lgcc -plugin-opt=-pass-through=-lgcc_s --build-id --eh-frame-hdr --hash-style=gnu -m elf_x86_64 -export-dynamic -dynamic-linker /lib64/ld-linux-x86-64.so.2 -o cmTC_3a213 /usr/lib/gcc/x86_64-pc-linux-gnu/7.1.1/../../../../lib/crt1.o /usr/lib/gcc/x86_64-pc-linux-gnu/7.1.1/../../../../lib/crti.o /usr/lib/gcc/x86_64-pc-linux-gnu/7.1.1/crtbegin.o -L/usr/lib/gcc/x86_64-pc-linux-gnu/7.1.1 -L/usr/lib/gcc/x86_64-pc-linux-gnu/7.1.1/../../../../lib -L/lib/../lib -L/usr/lib/../lib -L/usr/lib/gcc/x86_64-pc-linux-gnu/7.1.1/../../.. CMakeFiles/cmTC_3a213.dir/CMakeCCompilerABI.c.o -lgcc --as-needed -lgcc_s --no-as-needed -lc -lgcc --as-needed -lgcc_s --no-as-needed /usr/lib/gcc/x86_64-pc-linux-gnu/7.1.1/crtend.o /usr/lib/gcc/x86_64-pc-linux-gnu/7.1.1/../../../../lib/crtn.o
COLLECT_GCC_OPTIONS='-v' '-rdynamic' '-o' 'cmTC_3a213' '-mtune=generic' '-march=x86-64'
make[1]: Leaving directory '/home/shelly/mount/Hotprog/CGRA/a1/build/CMakeFiles/CMakeTmp'


Parsed C implicit link information from above output:
  link line regex: [^( *|.*[/\])(ld|([^/\]+-)?ld|collect2)[^/\]*( |$)]
  ignore line: [Change Dir: /home/shelly/mount/Hotprog/CGRA/a1/build/CMakeFiles/CMakeTmp]
  ignore line: []
  ignore line: [Run Build Command:"/usr/bin/make" "cmTC_3a213/fast"]
  ignore line: [/usr/bin/make -f CMakeFiles/cmTC_3a213.dir/build.make CMakeFiles/cmTC_3a213.dir/build]
  ignore line: [make[1]: Entering directory '/home/shelly/mount/Hotprog/CGRA/a1/build/CMakeFiles/CMakeTmp']
  ignore line: [Building C object CMakeFiles/cmTC_3a213.dir/CMakeCCompilerABI.c.o]
  ignore line: [/usr/bin/gcc    -o CMakeFiles/cmTC_3a213.dir/CMakeCCompilerABI.c.o   -c /usr/share/cmake-3.8/Modules/CMakeCCompilerABI.c]
  ignore line: [Linking C executable cmTC_3a213]
  ignore line: [/usr/bin/cmake -E cmake_link_script CMakeFiles/cmTC_3a213.dir/link.txt --verbose=1]
  ignore line: [/usr/bin/gcc     -v -rdynamic CMakeFiles/cmTC_3a213.dir/CMakeCCompilerABI.c.o  -o cmTC_3a213 ]
  ignore line: [Using built-in specs.]
  ignore line: [COLLECT_GCC=/usr/bin/gcc]
  ignore line: [COLLECT_LTO_WRAPPER=/usr/lib/gcc/x86_64-pc-linux-gnu/7.1.1/lto-wrapper]
  ignore line: [Target: x86_64-pc-linux-gnu]
  ignore line: [Configured with: /build/gcc-multilib/src/gcc/configure --prefix=/usr --libdir=/usr/lib --libexecdir=/usr/lib --mandir=/usr/share/man --infodir=/usr/share/info --with-bugurl=https://bugs.archlinux.org/ --enable-languages=c,c++,ada,fortran,go,lto,objc,obj-c++ --enable-shared --enable-threads=posix --enable-libmpx --with-system-zlib --with-isl --enable-__cxa_atexit --disable-libunwind-exceptions --enable-clocale=gnu --disable-libstdcxx-pch --disable-libssp --enable-gnu-unique-object --enable-linker-build-id --enable-lto --enable-plugin --enable-install-libiberty --with-linker-hash-style=gnu --enable-gnu-indirect-function --enable-multilib --disable-werror --enable-checking=release]
  ignore line: [Thread model: posix]
  ignore line: [gcc version 7.1.1 20170528 (GCC) ]
  ignore line: [COMPILER_PATH=/usr/lib/gcc/x86_64-pc-linux-gnu/7.1.1/:/usr/lib/gcc/x86_64-pc-linux-gnu/7.1.1/:/usr/lib/gcc/x86_64-pc-linux-gnu/:/usr/lib/gcc/x86_64-pc-linux-gnu/7.1.1/:/usr/lib/gcc/x86_64-pc-linux-gnu/]
  ignore line: [LIBRARY_PATH=/usr/lib/gcc/x86_64-pc-linux-gnu/7.1.1/:/usr/lib/gcc/x86_64-pc-linux-gnu/7.1.1/../../../../lib/:/lib/../lib/:/usr/lib/../lib/:/usr/lib/gcc/x86_64-pc-linux-gnu/7.1.1/../../../:/lib/:/usr/lib/]
  ignore line: [COLLECT_GCC_OPTIONS='-v' '-rdynamic' '-o' 'cmTC_3a213' '-mtune=generic' '-march=x86-64']
  link line: [ /usr/lib/gcc/x86_64-pc-linux-gnu/7.1.1/collect2 -plugin /usr/lib/gcc/x86_64-pc-linux-gnu/7.1.1/liblto_plugin.so -plugin-opt=/usr/lib/gcc/x86_64-pc-linux-gnu/7.1.1/lto-wrapper -plugin-opt=-fresolution=/tmp/cchjg7ss.res -plugin-opt=-pass-through=-lgcc -plugin-opt=-pass-through=-lgcc_s -plugin-opt=-pass-through=-lc -plugin-opt=-pass-through=-lgcc -plugin-opt=-pass-through=-lgcc_s --build-id --eh-frame-hdr --hash-style=gnu -m elf_x86_64 -export-dynamic -dynamic-linker /lib64/ld-linux-x86-64.so.2 -o cmTC_3a213 /usr/lib/gcc/x86_64-pc-linux-gnu/7.1.1/../../../../lib/crt1.o /usr/lib/gcc/x86_64-pc-linux-gnu/7.1.1/../../../../lib/crti.o /usr/lib/gcc/x86_64-pc-linux-gnu/7.1.1/crtbegin.o -L/usr/lib/gcc/x86_64-pc-linux-gnu/7.1.1 -L/usr/lib/gcc/x86_64-pc-linux-gnu/7.1.1/../../../../lib -L/lib/../lib -L/usr/lib/../lib -L/usr/lib/gcc/x86_64-pc-linux-gnu/7.1.1/../../.. CMakeFiles/cmTC_3a213.dir/CMakeCCompilerABI.c.o -lgcc --as-needed -lgcc_s --no-as-needed -lc -lgcc --as-needed -lgcc_s --no-as-needed /usr/lib/gcc/x86_64-pc-linux-gnu/7.1.1/crtend.o /usr/lib/gcc/x86_64-pc-linux-gnu/7.1.1/../../../../lib/crtn.o]
    arg [/usr/lib/gcc/x86_64-pc-linux-gnu/7.1.1/collect2] ==> ignore
    arg [-plugin] ==> ignore
    arg [/usr/lib/gcc/x86_64-pc-linux-gnu/7.1.1/liblto_plugin.so] ==> ignore
    arg [-plugin-opt=/usr/lib/gcc/x86_64-pc-linux-gnu/7.1.1/lto-wrapper] ==> ignore
    arg [-plugin-opt=-fresolution=/tmp/cchjg7ss.res] ==> ignore
    arg [-plugin-opt=-pass-through=-lgcc] ==> ignore
    arg [-plugin-opt=-pass-through=-lgcc_s] ==> ignore
    arg [-plugin-opt=-pass-through=-lc] ==> ignore
    arg [-plugin-opt=-pass-through=-lgcc] ==> ignore
    arg [-plugin-opt=-pass-through=-lgcc_s] ==> ignore
    arg [--build-id] ==> ignore
    arg [--eh-frame-hdr] ==> ignore
    arg [--hash-style=gnu] ==> ignore
    arg [-m] ==> ignore
    arg [elf_x86_64] ==> ignore
    arg [-export-dynamic] ==> ignore
    arg [-dynamic-linker] ==> ignore
    arg [/lib64/ld-linux-x86-64.so.2] ==> ignore
    arg [-o] ==> ignore
    arg [cmTC_3a213] ==> ignore
    arg [/usr/lib/gcc/x86_64-pc-linux-gnu/7.1.1/../../../../lib/crt1.o] ==> ignore
    arg [/usr/lib/gcc/x86_64-pc-linux-gnu/7.1.1/../../../../lib/crti.o] ==> ignore
    arg [/usr/lib/gcc/x86_64-pc-linux-gnu/7.1.1/crtbegin.o] ==> ignore
    arg [-L/usr/lib/gcc/x86_64-pc-linux-gnu/7.1.1] ==> dir [/usr/lib/gcc/x86_64-pc-linux-gnu/7.1.1]
    arg [-L/usr/lib/gcc/x86_64-pc-linux-gnu/7.1.1/../../../../lib] ==> dir [/usr/lib/gcc/x86_64-pc-linux-gnu/7.1.1/../../../../lib]
    arg [-L/lib/../lib] ==> dir [/lib/../lib]
    arg [-L/usr/lib/../lib] ==> dir [/usr/lib/../lib]
    arg [-L/usr/lib/gcc/x86_64-pc-linux-gnu/7.1.1/../../..] ==> dir [/usr/lib/gcc/x86_64-pc-linux-gnu/7.1.1/../../..]
    arg [CMakeFiles/cmTC_3a213.dir/CMakeCCompilerABI.c.o] ==> ignore
    arg [-lgcc] ==> lib [gcc]
    arg [--as-needed] ==> ignore
    arg [-lgcc_s] ==> lib [gcc_s]
    arg [--no-as-needed] ==> ignore
    arg [-lc] ==> lib [c]
    arg [-lgcc] ==> lib [gcc]
    arg [--as-needed] ==> ignore
    arg [-lgcc_s] ==> lib [gcc_s]
    arg [--no-as-needed] ==> ignore
    arg [/usr/lib/gcc/x86_64-pc-linux-gnu/7.1.1/crtend.o] ==> ignore
    arg [/usr/lib/gcc/x86_64-pc-linux-gnu/7.1.1/../../../../lib/crtn.o] ==> ignore
  remove lib [gcc]
  remove lib [gcc_s]
  remove lib [gcc]
  remove lib [gcc_s]
  collapse library dir [/usr/lib/gcc/x86_64-pc-linux-gnu/7.1.1] ==> [/usr/lib/gcc/x86_64-pc-linux-gnu/7.1.1]
  collapse library dir [/usr/lib/gcc/x86_64-pc-linux-gnu/7.1.1/../../../../lib] ==> [/usr/lib]
  collapse library dir [/lib/../lib] ==> [/lib]
  collapse library dir [/usr/lib/../lib] ==> [/usr/lib]
  collapse library dir [/usr/lib/gcc/x86_64-pc-linux-gnu/7.1.1/../../..] ==> [/usr/lib]
  implicit libs: [c]
  implicit dirs: [/usr/lib/gcc/x86_64-pc-linux-gnu/7.1.1;/usr/lib;/lib]
  implicit fwks: []




Detecting C [-std=c11] compiler features compiled with the following output:
Change Dir: /home/shelly/mount/Hotprog/CGRA/a1/build/CMakeFiles/CMakeTmp

Run Build Command:"/usr/bin/make" "cmTC_6dfb2/fast"
/usr/bin/make -f CMakeFiles/cmTC_6dfb2.dir/build.make CMakeFiles/cmTC_6dfb2.dir/build
make[1]: Entering directory '/home/shelly/mount/Hotprog/CGRA/a1/build/CMakeFiles/CMakeTmp'
Building C object CMakeFiles/cmTC_6dfb2.dir/feature_tests.c.o
/usr/bin/gcc   -std=c11 -o CMakeFiles/cmTC_6dfb2.dir/feature_tests.c.o   -c /home/shelly/mount/Hotprog/CGRA/a1/build/CMakeFiles/feature_tests.c
Linking C executable cmTC_6dfb2
/usr/bin/cmake -E cmake_link_script CMakeFiles/cmTC_6dfb2.dir/link.txt --verbose=1
/usr/bin/gcc      -rdynamic CMakeFiles/cmTC_6dfb2.dir/feature_tests.c.o  -o cmTC_6dfb2 
make[1]: Leaving directory '/home/shelly/mount/Hotprog/CGRA/a1/build/CMakeFiles/CMakeTmp'


    Feature record: C_FEATURE:1c_function_prototypes
    Feature record: C_FEATURE:1c_restrict
    Feature record: C_FEATURE:1c_static_assert
    Feature record: C_FEATURE:1c_variadic_macros


Detecting C [-std=c99] compiler features compiled with the following output:
Change Dir: /home/shelly/mount/Hotprog/CGRA/a1/build/CMakeFiles/CMakeTmp

Run Build Command:"/usr/bin/make" "cmTC_1b1ac/fast"
/usr/bin/make -f CMakeFiles/cmTC_1b1ac.dir/build.make CMakeFiles/cmTC_1b1ac.dir/build
make[1]: Entering directory '/home/shelly/mount/Hotprog/CGRA/a1/build/CMakeFiles/CMakeTmp'
Building C object CMakeFiles/cmTC_1b1ac.dir/feature_tests.c.o
/usr/bin/gcc   -std=c99 -o CMakeFiles/cmTC_1b1ac.dir/feature_tests.c.o   -c /home/shelly/mount/Hotprog/CGRA/a1/build/CMakeFiles/feature_tests.c
Linking C executable cmTC_1b1ac
/usr/bin/cmake -E cmake_link_script CMakeFiles/cmTC_1b1ac.dir/link.txt --verbose=1
/usr/bin/gcc      -rdynamic CMakeFiles/cmTC_1b1ac.dir/feature_tests.c.o  -o cmTC_1b1ac 
make[1]: Leaving directory '/home/shelly/mount/Hotprog/CGRA/a1/build/CMakeFiles/CMakeTmp'


    Feature record: C_FEATURE:1c_function_prototypes
    Feature record: C_FEATURE:1c_restrict
    Feature record: C_FEATURE:0c_static_assert
    Feature record: C_FEATURE:1c_variadic_macros


Detecting C [-std=c90] compiler features compiled with the following output:
Change Dir: /home/shelly/mount/Hotprog/CGRA/a1/build/CMakeFiles/CMakeTmp

Run Build Command:"/usr/bin/make" "cmTC_955a0/fast"
/usr/bin/make -f CMakeFiles/cmTC_955a0.dir/build.make CMakeFiles/cmTC_955a0.dir/build
make[1]: Entering directory '/home/shelly/mount/Hotprog/CGRA/a1/build/CMakeFiles/CMakeTmp'
Building C object CMakeFiles/cmTC_955a0.dir/feature_tests.c.o
/usr/bin/gcc   -std=c90 -o CMakeFiles/cmTC_955a0.dir/feature_tests.c.o   -c /home/shelly/mount/Hotprog/CGRA/a1/build/CMakeFiles/feature_tests.c
Linking C executable cmTC_955a0
/usr/bin/cmake -E cmake_link_script CMakeFiles/cmTC_955a0.dir/link.txt --verbose=1
/usr/bin/gcc      -rdynamic CMakeFiles/cmTC_955a0.dir/feature_tests.c.o  -o cmTC_955a0 
make[1]: Leaving directory '/home/shelly/mount/Hotprog/CGRA/a1/build/CMakeFiles/CMakeTmp'


    Feature record: C_FEATURE:1c_function_prototypes
    Feature record: C_FEATURE:0c_restrict
    Feature record: C_FEATURE:0c_static_assert
    Feature record: C_FEATURE:0c_variadic_macros
Determining if the include file pthread.h exists passed with the following output:
Change Dir: /home/shelly/mount/Hotprog/CGRA/a1/build/CMakeFiles/CMakeTmp

Run Build Command:"/usr/bin/make" "cmTC_aee83/fast"
/usr/bin/make -f CMakeFiles/cmTC_aee83.dir/build.make CMakeFiles/cmTC_aee83.dir/build
make[1]: Entering directory '/home/shelly/mount/Hotprog/CGRA/a1/build/CMakeFiles/CMakeTmp'
Building C object CMakeFiles/cmTC_aee83.dir/CheckIncludeFile.c.o
/usr/bin/gcc   -w    -o CMakeFiles/cmTC_aee83.dir/CheckIncludeFile.c.o   -c /home/shelly/mount/Hotprog/CGRA/a1/build/CMakeFiles/CMakeTmp/CheckIncludeFile.c
Linking C executable cmTC_aee83
/usr/bin/cmake -E cmake_link_script CMakeFiles/cmTC_aee83.dir/link.txt --verbose=1
/usr/bin/gcc  -w     -rdynamic CMakeFiles/cmTC_aee83.dir/CheckIncludeFile.c.o  -o cmTC_aee83 
make[1]: Leaving directory '/home/shelly/mount/Hotprog/CGRA/a1/build/CMakeFiles/CMakeTmp'


Determining if the function pthread_create exists in the pthread passed with the following output:
Change Dir: /home/shelly/mount/Hotprog/CGRA/a1/build/CMakeFiles/CMakeTmp

Run Build Command:"/usr/bin/make" "cmTC_ca602/fast"
/usr/bin/make -f CMakeFiles/cmTC_ca602.dir/build.make CMakeFiles/cmTC_ca602.dir/build
make[1]: Entering directory '/home/shelly/mount/Hotprog/CGRA/a1/build/CMakeFiles/CMakeTmp'
Building C object CMakeFiles/cmTC_ca602.dir/CheckFunctionExists.c.o
/usr/bin/gcc   -w -DCHECK_FUNCTION_EXISTS=pthread_create   -o CMakeFiles/cmTC_ca602.dir/CheckFunctionExists.c.o   -c /usr/share/cmake-3.8/Modules/CheckFunctionExists.c
Linking C executable cmTC_ca602
/usr/bin/cmake -E cmake_link_script CMakeFiles/cmTC_ca602.dir/link.txt --verbose=1
/usr/bin/gcc  -w -DCHECK_FUNCTION_EXISTS=pthread_create    -rdynamic CMakeFiles/cmTC_ca602.dir/CheckFunctionExists.c.o  -o cmTC_ca602 -lpthread 
make[1]: Leaving directory '/home/shelly/mount/Hotprog/CGRA/a1/build/CMakeFiles/CMakeTmp'


Determining if the function XOpenDisplay exists in the /usr/lib/libX11.so;/usr/lib/libXext.so passed with the following output:
Change Dir: /home/shelly/mount/Hotprog/CGRA/a1/build/CMakeFiles/CMakeTmp

Run Build Command:"/usr/bin/make" "cmTC_51f44/fast"
/usr/bin/make -f CMakeFiles/cmTC_51f44.dir/build.make CMakeFiles/cmTC_51f44.dir/build
make[1]: Entering directory '/home/shelly/mount/Hotprog/CGRA/a1/build/CMakeFiles/CMakeTmp'
Building C object CMakeFiles/cmTC_51f44.dir/CheckFunctionExists.c.o
/usr/bin/gcc   -w -DCHECK_FUNCTION_EXISTS=XOpenDisplay   -o CMakeFiles/cmTC_51f44.dir/CheckFunctionExists.c.o   -c /usr/share/cmake-3.8/Modules/CheckFunctionExists.c
Linking C executable cmTC_51f44
/usr/bin/cmake -E cmake_link_script CMakeFiles/cmTC_51f44.dir/link.txt --verbose=1
/usr/bin/gcc  -w -DCHECK_FUNCTION_EXISTS=XOpenDisplay    -rdynamic CMakeFiles/cmTC_51f44.dir/CheckFunctionExists.c.o  -o cmTC_51f44 /usr/lib/libX11.so /usr/lib/libXext.so 
make[1]: Leaving directory '/home/shelly/mount/Hotprog/CGRA/a1/build/CMakeFiles/CMakeTmp'


Determining if the function gethostbyname exists passed with the following output:
Change Dir: /home/shelly/mount/Hotprog/CGRA/a1/build/CMakeFiles/CMakeTmp

Run Build Command:"/usr/bin/make" "cmTC_eb3ce/fast"
/usr/bin/make -f CMakeFiles/cmTC_eb3ce.dir/build.make CMakeFiles/cmTC_eb3ce.dir/build
make[1]: Entering directory '/home/shelly/mount/Hotprog/CGRA/a1/build/CMakeFiles/CMakeTmp'
Building C object CMakeFiles/cmTC_eb3ce.dir/CheckFunctionExists.c.o
/usr/bin/gcc   -w -DCHECK_FUNCTION_EXISTS=gethostbyname   -o CMakeFiles/cmTC_eb3ce.dir/CheckFunctionExists.c.o   -c /usr/share/cmake-3.8/Modules/CheckFunctionExists.c
Linking C executable cmTC_eb3ce
/usr/bin/cmake -E cmake_link_script CMakeFiles/cmTC_eb3ce.dir/link.txt --verbose=1
/usr/bin/gcc  -w -DCHECK_FUNCTION_EXISTS=gethostbyname    -rdynamic CMakeFiles/cmTC_eb3ce.dir/CheckFunctionExists.c.o  -o cmTC_eb3ce 
make[1]: Leaving directory '/home/shelly/mount/Hotprog/CGRA/a1/build/CMakeFiles/CMakeTmp'


Determining if the function connect exists passed with the following output:
Change Dir: /home/shelly/mount/Hotprog/CGRA/a1/build/CMakeFiles/CMakeTmp

Run Build Command:"/usr/bin/make" "cmTC_c0d51/fast"
/usr/bin/make -f CMakeFiles/cmTC_c0d51.dir/build.make CMakeFiles/cmTC_c0d51.dir/build
make[1]: Entering directory '/home/shelly/mount/Hotprog/CGRA/a1/build/CMakeFiles/CMakeTmp'
Building C object CMakeFiles/cmTC_c0d51.dir/CheckFunctionExists.c.o
/usr/bin/gcc   -w -DCHECK_FUNCTION_EXISTS=connect   -o CMakeFiles/cmTC_c0d51.dir/CheckFunctionExists.c.o   -c /usr/share/cmake-3.8/Modules/CheckFunctionExists.c
Linking C executable cmTC_c0d51
/usr/bin/cmake -E cmake_link_script CMakeFiles/cmTC_c0d51.dir/link.txt --verbose=1
/usr/bin/gcc  -w -DCHECK_FUNCTION_EXISTS=connect    -rdynamic CMakeFiles/cmTC_c0d51.dir/CheckFunctionExists.c.o  -o cmTC_c0d51 
make[1]: Leaving directory '/home/shelly/mount/Hotprog/CGRA/a1/build/CMakeFiles/CMakeTmp'


Determining if the function remove exists passed with the following output:
Change Dir: /home/shelly/mount/Hotprog/CGRA/a1/build/CMakeFiles/CMakeTmp

Run Build Command:"/usr/bin/make" "cmTC_ecfc0/fast"
/usr/bin/make -f CMakeFiles/cmTC_ecfc0.dir/build.make CMakeFiles/cmTC_ecfc0.dir/build
make[1]: Entering directory '/home/shelly/mount/Hotprog/CGRA/a1/build/CMakeFiles/CMakeTmp'
Building C object CMakeFiles/cmTC_ecfc0.dir/CheckFunctionExists.c.o
/usr/bin/gcc   -w -DCHECK_FUNCTION_EXISTS=remove   -o CMakeFiles/cmTC_ecfc0.dir/CheckFunctionExists.c.o   -c /usr/share/cmake-3.8/Modules/CheckFunctionExists.c
Linking C executable cmTC_ecfc0
/usr/bin/cmake -E cmake_link_script CMakeFiles/cmTC_ecfc0.dir/link.txt --verbose=1
/usr/bin/gcc  -w -DCHECK_FUNCTION_EXISTS=remove    -rdynamic CMakeFiles/cmTC_ecfc0.dir/CheckFunctionExists.c.o  -o cmTC_ecfc0 
make[1]: Leaving directory '/home/shelly/mount/Hotprog/CGRA/a1/build/CMakeFiles/CMakeTmp'


Determining if the function shmat exists passed with the following output:
Change Dir: /home/shelly/mount/Hotprog/CGRA/a1/build/CMakeFiles/CMakeTmp

Run Build Command:"/usr/bin/make" "cmTC_28d36/fast"
/usr/bin/make -f CMakeFiles/cmTC_28d36.dir/build.make CMakeFiles/cmTC_28d36.dir/build
make[1]: Entering directory '/home/shelly/mount/Hotprog/CGRA/a1/build/CMakeFiles/CMakeTmp'
Building C object CMakeFiles/cmTC_28d36.dir/CheckFunctionExists.c.o
/usr/bin/gcc   -w -DCHECK_FUNCTION_EXISTS=shmat   -o CMakeFiles/cmTC_28d36.dir/CheckFunctionExists.c.o   -c /usr/share/cmake-3.8/Modules/CheckFunctionExists.c
Linking C executable cmTC_28d36
/usr/bin/cmake -E cmake_link_script CMakeFiles/cmTC_28d36.dir/link.txt --verbose=1
/usr/bin/gcc  -w -DCHECK_FUNCTION_EXISTS=shmat    -rdynamic CMakeFiles/cmTC_28d36.dir/CheckFunctionExists.c.o  -o cmTC_28d36 
make[1]: Leaving directory '/home/shelly/mount/Hotprog/CGRA/a1/build/CMakeFiles/CMakeTmp'


Determining if the function IceConnectionNumber exists in the ICE passed with the following output:
Change Dir: /home/shelly/mount/Hotprog/CGRA/a1/build/CMakeFiles/CMakeTmp

Run Build Command:"/usr/bin/make" "cmTC_c2226/fast"
/usr/bin/make -f CMakeFiles/cmTC_c2226.dir/build.make CMakeFiles/cmTC_c2226.dir/build
make[1]: Entering directory '/home/shelly/mount/Hotprog/CGRA/a1/build/CMakeFiles/CMakeTmp'
Building C object CMakeFiles/cmTC_c2226.dir/CheckFunctionExists.c.o
/usr/bin/gcc   -w -DCHECK_FUNCTION_EXISTS=IceConnectionNumber   -o CMakeFiles/cmTC_c2226.dir/CheckFunctionExists.c.o   -c /usr/share/cmake-3.8/Modules/CheckFunctionExists.c
Linking C executable cmTC_c2226
/usr/bin/cmake -E cmake_link_script CMakeFiles/cmTC_c2226.dir/link.txt --verbose=1
/usr/bin/gcc  -w -DCHECK_FUNCTION_EXISTS=IceConnectionNumber    -rdynamic CMakeFiles/cmTC_c2226.dir/CheckFunctionExists.c.o  -o cmTC_c2226 -lICE 
make[1]: Leaving directory '/home/shelly/mount/Hotprog/CGRA/a1/build/CMakeFiles/CMakeTmp'


Determining if the function glXGetProcAddress exists passed with the following output:
Change Dir: /home/shelly/mount/Hotprog/CGRA/a1/build/CMakeFiles/CMakeTmp

Run Build Command:"/usr/bin/make" "cmTC_e7314/fast"
/usr/bin/make -f CMakeFiles/cmTC_e7314.dir/build.make CMakeFiles/cmTC_e7314.dir/build
make[1]: Entering directory '/home/shelly/mount/Hotprog/CGRA/a1/build/CMakeFiles/CMakeTmp'
Building C object CMakeFiles/cmTC_e7314.dir/CheckFunctionExists.c.o
/usr/bin/gcc   -w -DCHECK_FUNCTION_EXISTS=glXGetProcAddress   -o CMakeFiles/cmTC_e7314.dir/CheckFunctionExists.c.o   -c /usr/share/cmake-3.8/Modules/CheckFunctionExists.c
Linking C executable cmTC_e7314
/usr/bin/cmake -E cmake_link_script CMakeFiles/cmTC_e7314.dir/link.txt --verbose=1
/usr/bin/gcc  -w -DCHECK_FUNCTION_EXISTS=glXGetProcAddress    -rdynamic CMakeFiles/cmTC_e7314.dir/CheckFunctionExists.c.o  -o cmTC_e7314 /usr/lib/libGL.so 
make[1]: Leaving directory '/home/shelly/mount/Hotprog/CGRA/a1/build/CMakeFiles/CMakeTmp'


Determining if the function glXGetProcAddressARB exists passed with the following output:
Change Dir: /home/shelly/mount/Hotprog/CGRA/a1/build/CMakeFiles/CMakeTmp

Run Build Command:"/usr/bin/make" "cmTC_47440/fast"
/usr/bin/make -f CMakeFiles/cmTC_47440.dir/build.make CMakeFiles/cmTC_47440.dir/build
make[1]: Entering directory '/home/shelly/mount/Hotprog/CGRA/a1/build/CMakeFiles/CMakeTmp'
Building C object CMakeFiles/cmTC_47440.dir/CheckFunctionExists.c.o
/usr/bin/gcc   -w -DCHECK_FUNCTION_EXISTS=glXGetProcAddressARB   -o CMakeFiles/cmTC_47440.dir/CheckFunctionExists.c.o   -c /usr/share/cmake-3.8/Modules/CheckFunctionExists.c
Linking C executable cmTC_47440
/usr/bin/cmake -E cmake_link_script CMakeFiles/cmTC_47440.dir/link.txt --verbose=1
/usr/bin/gcc  -w -DCHECK_FUNCTION_EXISTS=glXGetProcAddressARB    -rdynamic CMakeFiles/cmTC_47440.dir/CheckFunctionExists.c.o  -o cmTC_47440 /usr/lib/libGL.so 
make[1]: Leaving directory '/home/shelly/mount/Hotprog/CGRA/a1/build/CMakeFiles/CMakeTmp'


